<?xml version="1.0" encoding="UTF-8"?>
<coverage generated="1575943520765" clover="3.2.0">
  <project timestamp="1575943520765" name="All files">
    <metrics statements="28" coveredstatements="27" conditionals="25" coveredconditionals="22" methods="4" coveredmethods="4" elements="57" coveredelements="53" complexity="0" loc="28" ncloc="28" packages="2" files="3" classes="3"/>
    <package name="lib">
      <metrics statements="18" coveredstatements="17" conditionals="20" coveredconditionals="19" methods="2" coveredmethods="2"/>
      <file name="app.js" path="C:\Users\user\alchemy\bootcamp-three\week-two\labs\HTTP-with-net\lib\app.js">
        <metrics statements="18" coveredstatements="17" conditionals="20" coveredconditionals="19" methods="2" coveredmethods="2"/>
        <line num="1" count="1" type="stmt"/>
        <line num="2" count="1" type="stmt"/>
        <line num="3" count="1" type="stmt"/>
        <line num="5" count="1" type="stmt"/>
        <line num="6" count="5" type="stmt"/>
        <line num="7" count="5" type="stmt"/>
        <line num="8" count="5" type="cond" truecount="4" falsecount="0"/>
        <line num="9" count="1" type="stmt"/>
        <line num="10" count="4" type="cond" truecount="4" falsecount="0"/>
        <line num="11" count="1" type="stmt"/>
        <line num="12" count="3" type="cond" truecount="4" falsecount="0"/>
        <line num="13" count="1" type="stmt"/>
        <line num="14" count="2" type="cond" truecount="4" falsecount="0"/>
        <line num="15" count="1" type="stmt"/>
        <line num="16" count="1" type="cond" truecount="3" falsecount="1"/>
        <line num="17" count="1" type="stmt"/>
        <line num="19" count="0" type="stmt"/>
        <line num="24" count="1" type="stmt"/>
      </file>
    </package>
    <package name="lib.utils">
      <metrics statements="10" coveredstatements="10" conditionals="5" coveredconditionals="3" methods="2" coveredmethods="2"/>
      <file name="createResponse.js" path="C:\Users\user\alchemy\bootcamp-three\week-two\labs\HTTP-with-net\lib\utils\createResponse.js">
        <metrics statements="2" coveredstatements="2" conditionals="3" coveredconditionals="2" methods="1" coveredmethods="1"/>
        <line num="1" count="1" type="cond" truecount="2" falsecount="1"/>
        <line num="2" count="5" type="stmt"/>
      </file>
      <file name="parseRequest.js" path="C:\Users\user\alchemy\bootcamp-three\week-two\labs\HTTP-with-net\lib\utils\parseRequest.js">
        <metrics statements="8" coveredstatements="8" conditionals="2" coveredconditionals="1" methods="1" coveredmethods="1"/>
        <line num="1" count="1" type="stmt"/>
        <line num="2" count="5" type="stmt"/>
        <line num="4" count="5" type="stmt"/>
        <line num="6" count="5" type="cond" truecount="1" falsecount="1"/>
        <line num="7" count="5" type="stmt"/>
        <line num="9" count="5" type="stmt"/>
        <line num="10" count="5" type="stmt"/>
        <line num="12" count="5" type="stmt"/>
      </file>
    </package>
  </project>
</coverage>
