TN:
SF:C:\Users\user\alchemy\bootcamp-three\week-two\labs\HTTP-with-net\lib\utils\createResponse.js
FN:1,(anonymous_0)
FNF:1
FNH:1
FNDA:1,(anonymous_0)
DA:1,1
DA:2,1
LF:2
LH:2
BRDA:1,0,0,0
BRDA:1,1,0,0
BRDA:1,2,0,0
BRF:3
BRH:0
end_of_record
TN:
SF:C:\Users\user\alchemy\bootcamp-three\week-two\labs\HTTP-with-net\lib\utils\parseRequest.js
FN:1,(anonymous_0)
FNF:1
FNH:1
FNDA:2,(anonymous_0)
DA:1,1
DA:2,2
DA:4,2
DA:6,2
DA:7,1
DA:9,2
DA:10,2
DA:12,2
LF:8
LH:8
BRDA:6,0,0,1
BRDA:6,0,1,1
BRF:2
BRH:2
end_of_record
